buildp2a/unityLibrary/build/intermediates/manifest_merge_blame_file/debug/manifest-merger-blame-debug-report.txt
1<?xml version="1.0" encoding="utf-8"?>
2<manifest xmlns:android="http://schemas.android.com/apk/res/android"
3    package="com.unity3d.player" >
4
5    <uses-sdk
6        android:minSdkVersion="22"
6-->src\main\AndroidManifest.xml
7        android:targetSdkVersion="34" />
7-->src\main\AndroidManifest.xml
8
9    <uses-permission
9-->src\main\AndroidManifest.xml:3:3-99
10        android:name="android.permission.BLUETOOTH_ADMIN"
10-->src\main\AndroidManifest.xml:3:20-69
11        android:maxSdkVersion="30" />
11-->src\main\AndroidManifest.xml:3:70-96
12    <uses-permission android:name="android.permission.ACCESS_FINE_LOCATION" />
12-->src\main\AndroidManifest.xml:4:3-77
12-->src\main\AndroidManifest.xml:4:20-74
13    <uses-permission android:name="android.permission.ACCESS_COARSE_LOCATION" />
13-->src\main\AndroidManifest.xml:5:3-79
13-->src\main\AndroidManifest.xml:5:20-76
14    <uses-permission android:name="android.permission.BLUETOOTH_CONNECT" />
14-->src\main\AndroidManifest.xml:7:3-74
14-->src\main\AndroidManifest.xml:7:20-71
15    <uses-permission android:name="android.permission.BLUETOOTH_SCAN" />
15-->src\main\AndroidManifest.xml:8:3-71
15-->src\main\AndroidManifest.xml:8:20-68
16    <uses-permission android:name="android.permission.INTERNET" />
16-->src\main\AndroidManifest.xml:9:3-65
16-->src\main\AndroidManifest.xml:9:20-62
17    <uses-permission android:name="android.permission.CAMERA" />
17-->src\main\AndroidManifest.xml:10:3-63
17-->src\main\AndroidManifest.xml:10:20-60
18    <uses-permission android:name="android.permission.RECORD_AUDIO" />
18-->src\main\AndroidManifest.xml:11:3-69
18-->src\main\AndroidManifest.xml:11:20-66
19    <uses-permission android:name="android.permission.MODIFY_AUDIO_SETTINGS" />
19-->src\main\AndroidManifest.xml:12:3-78
19-->src\main\AndroidManifest.xml:12:20-75
20    <uses-permission android:name="android.permission.BLUETOOTH" />
20-->src\main\AndroidManifest.xml:13:3-66
20-->src\main\AndroidManifest.xml:13:20-63
21
22    <uses-feature android:glEsVersion="0x00030000" />
22-->src\main\AndroidManifest.xml:14:3-52
22-->src\main\AndroidManifest.xml:14:17-49
23    <uses-feature
23-->src\main\AndroidManifest.xml:15:3-91
24        android:name="android.hardware.vulkan.version"
24-->src\main\AndroidManifest.xml:15:17-63
25        android:required="false" />
25-->src\main\AndroidManifest.xml:15:64-88
26    <uses-feature
26-->src\main\AndroidManifest.xml:16:3-83
27        android:name="android.hardware.camera"
27-->src\main\AndroidManifest.xml:16:17-55
28        android:required="false" />
28-->src\main\AndroidManifest.xml:16:56-80
29    <uses-feature
29-->src\main\AndroidManifest.xml:17:3-93
30        android:name="android.hardware.camera.autofocus"
30-->src\main\AndroidManifest.xml:17:17-65
31        android:required="false" />
31-->src\main\AndroidManifest.xml:17:66-90
32    <uses-feature
32-->src\main\AndroidManifest.xml:18:3-89
33        android:name="android.hardware.camera.front"
33-->src\main\AndroidManifest.xml:18:17-61
34        android:required="false" />
34-->src\main\AndroidManifest.xml:18:62-86
35    <uses-feature
35-->src\main\AndroidManifest.xml:19:3-87
36        android:name="android.hardware.microphone"
36-->src\main\AndroidManifest.xml:19:17-59
37        android:required="false" />
37-->src\main\AndroidManifest.xml:19:60-84
38    <uses-feature
38-->src\main\AndroidManifest.xml:20:3-88
39        android:name="android.hardware.touchscreen"
39-->src\main\AndroidManifest.xml:20:17-60
40        android:required="false" />
40-->src\main\AndroidManifest.xml:20:61-85
41    <uses-feature
41-->src\main\AndroidManifest.xml:21:3-99
42        android:name="android.hardware.touchscreen.multitouch"
42-->src\main\AndroidManifest.xml:21:17-71
43        android:required="false" />
43-->src\main\AndroidManifest.xml:21:72-96
44    <uses-feature
44-->src\main\AndroidManifest.xml:22:3-108
45        android:name="android.hardware.touchscreen.multitouch.distinct"
45-->src\main\AndroidManifest.xml:22:17-80
46        android:required="false" />
46-->src\main\AndroidManifest.xml:22:81-105
47
48    <application android:extractNativeLibs="true" >
48-->src\main\AndroidManifest.xml:23:3-38:17
48-->src\main\AndroidManifest.xml:23:16-48
49        <meta-data
49-->src\main\AndroidManifest.xml:24:5-69
50            android:name="unity.splash-mode"
50-->src\main\AndroidManifest.xml:24:16-48
51            android:value="0" />
51-->src\main\AndroidManifest.xml:24:49-66
52        <meta-data
52-->src\main\AndroidManifest.xml:25:5-74
53            android:name="unity.splash-enable"
53-->src\main\AndroidManifest.xml:25:16-50
54            android:value="True" />
54-->src\main\AndroidManifest.xml:25:51-71
55        <meta-data
55-->src\main\AndroidManifest.xml:26:5-78
56            android:name="unity.launch-fullscreen"
56-->src\main\AndroidManifest.xml:26:16-54
57            android:value="True" />
57-->src\main\AndroidManifest.xml:26:55-75
58        <meta-data
58-->src\main\AndroidManifest.xml:27:5-84
59            android:name="unity.allow-resizable-window"
59-->src\main\AndroidManifest.xml:27:16-59
60            android:value="False" />
60-->src\main\AndroidManifest.xml:27:60-81
61        <meta-data
61-->src\main\AndroidManifest.xml:28:5-81
62            android:name="notch.config"
62-->src\main\AndroidManifest.xml:28:16-43
63            android:value="portrait|landscape" />
63-->src\main\AndroidManifest.xml:28:44-78
64        <meta-data
64-->src\main\AndroidManifest.xml:29:5-84
65            android:name="unity.auto-report-fully-drawn"
65-->src\main\AndroidManifest.xml:29:16-60
66            android:value="true" />
66-->src\main\AndroidManifest.xml:29:61-81
67
68        <activity
68-->src\main\AndroidManifest.xml:30:5-37:16
69            android:name="com.starseed.speechtotext.MainActivity"
69-->src\main\AndroidManifest.xml:30:125-178
70            android:configChanges="keyboard|keyboardHidden|orientation|screenLayout|uiMode|screenSize|smallestScreenSize"
70-->src\main\AndroidManifest.xml:30:15-124
71            android:exported="true"
71-->src\main\AndroidManifest.xml:31:9-32
72            android:hardwareAccelerated="true" >
72-->src\main\AndroidManifest.xml:30:179-213
73            <intent-filter>
73-->src\main\AndroidManifest.xml:32:7-35:23
74                <category android:name="android.intent.category.LAUNCHER" />
74-->src\main\AndroidManifest.xml:33:9-69
74-->src\main\AndroidManifest.xml:33:19-66
75
76                <action android:name="android.intent.action.MAIN" />
76-->src\main\AndroidManifest.xml:34:9-61
76-->src\main\AndroidManifest.xml:34:17-58
77            </intent-filter>
78
79            <meta-data
79-->src\main\AndroidManifest.xml:36:7-70
80                android:name="notch_support"
80-->src\main\AndroidManifest.xml:36:18-46
81                android:value="true" />
81-->src\main\AndroidManifest.xml:36:47-67
82        </activity>
83    </application>
84
85</manifest>